<?xml version="1.0" encoding="UTF-8"?>
<!-- Generated by org.testng.reporters.JUnitXMLReporter -->
<testsuite hostname="DESKTOP-FBAITI6" ignored="0" name="Test" tests="6" failures="0" timestamp="14 Jun 2020 17:54:45 GMT" time="0.032" errors="0">
  <testcase name="IOSApps" time="0.006" classname="qaclickacademy.AppiumTest"/>
  <testcase name="NativeAPpAndriod" time="0.0" classname="qaclickacademy.AppiumTest"/>
  <testcase name="BrowserAUtomation" time="0.0" classname="qaclickacademy.SeleniumTest"/>
  <testcase name="elementsUi" time="0.0" classname="qaclickacademy.SeleniumTest"/>
  <testcase name="deleteTwitter" time="0.0" classname="qaclickacademy.RESTAPITest"/>
  <testcase name="postJira" time="0.0" classname="qaclickacademy.RESTAPITest"/>
</testsuite> <!-- Test -->
