<?xml version="1.0" encoding="UTF-8"?>
<testng-results skipped="0" failed="0" ignored="0" total="6" passed="6">
  <reporter-output>
  </reporter-output>
  <suite name="Suite" duration-ms="32" started-at="2020-06-14T17:54:45Z" finished-at="2020-06-14T17:54:45Z">
    <groups>
    </groups>
    <test name="Test" duration-ms="32" started-at="2020-06-14T17:54:45Z" finished-at="2020-06-14T17:54:45Z">
      <class name="qaclickacademy.AppiumTest">
        <test-method status="PASS" signature="IOSApps()[pri:0, instance:qaclickacademy.AppiumTest@3f200884]" name="IOSApps" duration-ms="6" started-at="2020-06-14T13:54:45Z" finished-at="2020-06-14T13:54:45Z">
          <reporter-output>
          </reporter-output>
        </test-method> <!-- IOSApps -->
        <test-method status="PASS" signature="NativeAPpAndriod()[pri:0, instance:qaclickacademy.AppiumTest@3f200884]" name="NativeAPpAndriod" duration-ms="0" started-at="2020-06-14T13:54:45Z" finished-at="2020-06-14T13:54:45Z">
          <reporter-output>
          </reporter-output>
        </test-method> <!-- NativeAPpAndriod -->
      </class> <!-- qaclickacademy.AppiumTest -->
      <class name="qaclickacademy.RESTAPITest">
        <test-method status="PASS" signature="deleteTwitter()[pri:0, instance:qaclickacademy.RESTAPITest@6591f517]" name="deleteTwitter" duration-ms="0" started-at="2020-06-14T13:54:45Z" finished-at="2020-06-14T13:54:45Z">
          <reporter-output>
          </reporter-output>
        </test-method> <!-- deleteTwitter -->
        <test-method status="PASS" signature="postJira()[pri:0, instance:qaclickacademy.RESTAPITest@6591f517]" name="postJira" duration-ms="0" started-at="2020-06-14T13:54:45Z" finished-at="2020-06-14T13:54:45Z">
          <reporter-output>
          </reporter-output>
        </test-method> <!-- postJira -->
      </class> <!-- qaclickacademy.RESTAPITest -->
      <class name="qaclickacademy.SeleniumTest">
        <test-method status="PASS" signature="BrowserAUtomation()[pri:0, instance:qaclickacademy.SeleniumTest@5a4aa2f2]" name="BrowserAUtomation" duration-ms="0" started-at="2020-06-14T13:54:45Z" finished-at="2020-06-14T13:54:45Z">
          <reporter-output>
          </reporter-output>
        </test-method> <!-- BrowserAUtomation -->
        <test-method status="PASS" signature="elementsUi()[pri:0, instance:qaclickacademy.SeleniumTest@5a4aa2f2]" name="elementsUi" duration-ms="0" started-at="2020-06-14T13:54:45Z" finished-at="2020-06-14T13:54:45Z">
          <reporter-output>
          </reporter-output>
        </test-method> <!-- elementsUi -->
      </class> <!-- qaclickacademy.SeleniumTest -->
    </test> <!-- Test -->
  </suite> <!-- Suite -->
</testng-results>
