<?xml version="1.0" encoding="UTF-8"?>
<testng-results skipped="0" failed="0" ignored="0" total="2" passed="2">
  <reporter-output>
  </reporter-output>
  <suite name="Default suite" duration-ms="125" started-at="2020-06-08T21:41:02 EDT" finished-at="2020-06-08T21:41:02 EDT">
    <groups>
    </groups>
    <test name="Default test" duration-ms="125" started-at="2020-06-08T21:41:02 EDT" finished-at="2020-06-08T21:41:02 EDT">
      <class name="qaclickacademy.SeleniumTest">
        <test-method status="PASS" signature="BrowserAUtomation()[pri:0, instance:qaclickacademy.SeleniumTest@394e1a0f]" name="BrowserAUtomation" duration-ms="19" started-at="2020-06-08T21:41:02 EDT" finished-at="2020-06-08T21:41:02 EDT">
          <reporter-output>
          </reporter-output>
        </test-method> <!-- BrowserAUtomation -->
        <test-method status="PASS" signature="elementsUi()[pri:0, instance:qaclickacademy.SeleniumTest@394e1a0f]" name="elementsUi" duration-ms="1" started-at="2020-06-08T21:41:02 EDT" finished-at="2020-06-08T21:41:02 EDT">
          <reporter-output>
          </reporter-output>
        </test-method> <!-- elementsUi -->
      </class> <!-- qaclickacademy.SeleniumTest -->
    </test> <!-- Default test -->
  </suite> <!-- Default suite -->
</testng-results>
